.idea/myapp/build/app/intermediates/manifest_merge_blame_file/debug/manifest-merger-blame-debug-report.txt
1<?xml version="1.0" encoding="utf-8"?>
2<manifest xmlns:android="http://schemas.android.com/apk/res/android"
3    package="com.example.myapp"
4    android:versionCode="1"
5    android:versionName="1.0.0" >
6
7    <uses-sdk
8        android:minSdkVersion="16"
9        android:targetSdkVersion="30" />
10    <!--
11         Flutter needs it to communicate with the running application
12         to allow setting breakpoints, to provide hot reload, etc.
13    -->
14    <uses-permission android:name="android.permission.INTERNET" />
14-->src\debug\AndroidManifest.xml:6:5-66
14-->src\debug\AndroidManifest.xml:6:22-64
15    <uses-permission android:name="android.permission.WAKE_LOCK" />
15-->[androidx.work:work-runtime:2.4.0] AndroidManifest.xml:25:5-68
15-->[androidx.work:work-runtime:2.4.0] AndroidManifest.xml:25:22-65
16    <uses-permission android:name="android.permission.ACCESS_NETWORK_STATE" />
16-->[androidx.work:work-runtime:2.4.0] AndroidManifest.xml:26:5-79
16-->[androidx.work:work-runtime:2.4.0] AndroidManifest.xml:26:22-76
17    <uses-permission android:name="android.permission.RECEIVE_BOOT_COMPLETED" />
17-->[androidx.work:work-runtime:2.4.0] AndroidManifest.xml:27:5-81
17-->[androidx.work:work-runtime:2.4.0] AndroidManifest.xml:27:22-78
18    <uses-permission android:name="android.permission.FOREGROUND_SERVICE" />
18-->[androidx.work:work-runtime:2.4.0] AndroidManifest.xml:28:5-77
18-->[androidx.work:work-runtime:2.4.0] AndroidManifest.xml:28:22-74
19
20    <application
20-->src\main\AndroidManifest.xml:3:4-40:19
21        android:appComponentFactory="androidx.core.app.CoreComponentFactory"
21-->[androidx.core:core:1.1.0] AndroidManifest.xml:24:18-86
22        android:debuggable="true"
23        android:icon="@mipmap/ic_launcher"
23-->src\main\AndroidManifest.xml:5:9-43
24        android:label="myapp" >
24-->src\main\AndroidManifest.xml:4:9-30
25        <activity
25-->src\main\AndroidManifest.xml:6:9-34:20
26            android:name="com.example.myapp.MainActivity"
26-->src\main\AndroidManifest.xml:7:13-41
27            android:configChanges="orientation|keyboardHidden|keyboard|screenSize|smallestScreenSize|locale|layoutDirection|fontScale|screenLayout|density|uiMode"
27-->src\main\AndroidManifest.xml:10:13-163
28            android:hardwareAccelerated="true"
28-->src\main\AndroidManifest.xml:11:13-47
29            android:launchMode="singleTop"
29-->src\main\AndroidManifest.xml:8:13-43
30            android:theme="@style/LaunchTheme"
30-->src\main\AndroidManifest.xml:9:13-47
31            android:windowSoftInputMode="adjustResize" >
31-->src\main\AndroidManifest.xml:12:13-55
32
33            <!--
34                 Specifies an Android theme to apply to this Activity as soon as
35                 the Android process has started. This theme is visible to the user
36                 while the Flutter UI initializes. After that, this theme continues
37                 to determine the Window background behind the Flutter UI.
38            -->
39            <meta-data
39-->src\main\AndroidManifest.xml:17:13-20:17
40                android:name="io.flutter.embedding.android.NormalTheme"
40-->src\main\AndroidManifest.xml:18:15-70
41                android:resource="@style/NormalTheme" />
41-->src\main\AndroidManifest.xml:19:15-52
42            <!--
43                 Displays an Android View that continues showing the launch screen
44                 Drawable until Flutter paints its first frame, then this splash
45                 screen fades out. A splash screen is useful to avoid any visual
46                 gap between the end of Android's launch screen and the painting of
47                 Flutter's first frame.
48            -->
49            <meta-data
49-->src\main\AndroidManifest.xml:26:13-29:17
50                android:name="io.flutter.embedding.android.SplashScreenDrawable"
50-->src\main\AndroidManifest.xml:27:15-79
51                android:resource="@drawable/launch_background" />
51-->src\main\AndroidManifest.xml:28:15-61
52
53            <intent-filter>
53-->src\main\AndroidManifest.xml:30:13-33:29
54                <action android:name="android.intent.action.MAIN" />
54-->src\main\AndroidManifest.xml:31:17-68
54-->src\main\AndroidManifest.xml:31:25-66
55
56                <category android:name="android.intent.category.LAUNCHER" />
56-->src\main\AndroidManifest.xml:32:17-76
56-->src\main\AndroidManifest.xml:32:27-74
57            </intent-filter>
58        </activity>
59        <!--
60             Don't delete the meta-data below.
61             This is used by the Flutter tool to generate GeneratedPluginRegistrant.java
62        -->
63        <meta-data
63-->src\main\AndroidManifest.xml:37:9-39:33
64            android:name="flutterEmbedding"
64-->src\main\AndroidManifest.xml:38:13-44
65            android:value="2" />
65-->src\main\AndroidManifest.xml:39:13-30
66
67        <provider
67-->[androidx.work:work-runtime:2.4.0] AndroidManifest.xml:31:9-37:35
68            android:name="androidx.work.impl.WorkManagerInitializer"
68-->[androidx.work:work-runtime:2.4.0] AndroidManifest.xml:32:13-69
69            android:authorities="com.example.myapp.workmanager-init"
69-->[androidx.work:work-runtime:2.4.0] AndroidManifest.xml:33:13-68
70            android:directBootAware="false"
70-->[androidx.work:work-runtime:2.4.0] AndroidManifest.xml:34:13-44
71            android:exported="false"
71-->[androidx.work:work-runtime:2.4.0] AndroidManifest.xml:35:13-37
72            android:multiprocess="true" />
72-->[androidx.work:work-runtime:2.4.0] AndroidManifest.xml:36:13-40
73
74        <service
74-->[androidx.work:work-runtime:2.4.0] AndroidManifest.xml:39:9-44:35
75            android:name="androidx.work.impl.background.systemalarm.SystemAlarmService"
75-->[androidx.work:work-runtime:2.4.0] AndroidManifest.xml:40:13-88
76            android:directBootAware="false"
76-->[androidx.work:work-runtime:2.4.0] AndroidManifest.xml:41:13-44
77            android:enabled="@bool/enable_system_alarm_service_default"
77-->[androidx.work:work-runtime:2.4.0] AndroidManifest.xml:42:13-72
78            android:exported="false" />
78-->[androidx.work:work-runtime:2.4.0] AndroidManifest.xml:43:13-37
79        <service
79-->[androidx.work:work-runtime:2.4.0] AndroidManifest.xml:45:9-51:35
80            android:name="androidx.work.impl.background.systemjob.SystemJobService"
80-->[androidx.work:work-runtime:2.4.0] AndroidManifest.xml:46:13-84
81            android:directBootAware="false"
81-->[androidx.work:work-runtime:2.4.0] AndroidManifest.xml:47:13-44
82            android:enabled="@bool/enable_system_job_service_default"
82-->[androidx.work:work-runtime:2.4.0] AndroidManifest.xml:48:13-70
83            android:exported="true"
83-->[androidx.work:work-runtime:2.4.0] AndroidManifest.xml:49:13-36
84            android:permission="android.permission.BIND_JOB_SERVICE" />
84-->[androidx.work:work-runtime:2.4.0] AndroidManifest.xml:50:13-69
85        <service
85-->[androidx.work:work-runtime:2.4.0] AndroidManifest.xml:52:9-57:35
86            android:name="androidx.work.impl.foreground.SystemForegroundService"
86-->[androidx.work:work-runtime:2.4.0] AndroidManifest.xml:53:13-81
87            android:directBootAware="false"
87-->[androidx.work:work-runtime:2.4.0] AndroidManifest.xml:54:13-44
88            android:enabled="@bool/enable_system_foreground_service_default"
88-->[androidx.work:work-runtime:2.4.0] AndroidManifest.xml:55:13-77
89            android:exported="false" />
89-->[androidx.work:work-runtime:2.4.0] AndroidManifest.xml:56:13-37
90
91        <receiver
91-->[androidx.work:work-runtime:2.4.0] AndroidManifest.xml:59:9-64:35
92            android:name="androidx.work.impl.utils.ForceStopRunnable$BroadcastReceiver"
92-->[androidx.work:work-runtime:2.4.0] AndroidManifest.xml:60:13-88
93            android:directBootAware="false"
93-->[androidx.work:work-runtime:2.4.0] AndroidManifest.xml:61:13-44
94            android:enabled="true"
94-->[androidx.work:work-runtime:2.4.0] AndroidManifest.xml:62:13-35
95            android:exported="false" />
95-->[androidx.work:work-runtime:2.4.0] AndroidManifest.xml:63:13-37
96        <receiver
96-->[androidx.work:work-runtime:2.4.0] AndroidManifest.xml:65:9-75:20
97            android:name="androidx.work.impl.background.systemalarm.ConstraintProxy$BatteryChargingProxy"
97-->[androidx.work:work-runtime:2.4.0] AndroidManifest.xml:66:13-106
98            android:directBootAware="false"
98-->[androidx.work:work-runtime:2.4.0] AndroidManifest.xml:67:13-44
99            android:enabled="false"
99-->[androidx.work:work-runtime:2.4.0] AndroidManifest.xml:68:13-36
100            android:exported="false" >
100-->[androidx.work:work-runtime:2.4.0] AndroidManifest.xml:69:13-37
101            <intent-filter>
101-->[androidx.work:work-runtime:2.4.0] AndroidManifest.xml:71:13-74:29
102                <action android:name="android.intent.action.ACTION_POWER_CONNECTED" />
102-->[androidx.work:work-runtime:2.4.0] AndroidManifest.xml:72:17-87
102-->[androidx.work:work-runtime:2.4.0] AndroidManifest.xml:72:25-84
103                <action android:name="android.intent.action.ACTION_POWER_DISCONNECTED" />
103-->[androidx.work:work-runtime:2.4.0] AndroidManifest.xml:73:17-90
103-->[androidx.work:work-runtime:2.4.0] AndroidManifest.xml:73:25-87
104            </intent-filter>
105        </receiver>
106        <receiver
106-->[androidx.work:work-runtime:2.4.0] AndroidManifest.xml:76:9-86:20
107            android:name="androidx.work.impl.background.systemalarm.ConstraintProxy$BatteryNotLowProxy"
107-->[androidx.work:work-runtime:2.4.0] AndroidManifest.xml:77:13-104
108            android:directBootAware="false"
108-->[androidx.work:work-runtime:2.4.0] AndroidManifest.xml:78:13-44
109            android:enabled="false"
109-->[androidx.work:work-runtime:2.4.0] AndroidManifest.xml:79:13-36
110            android:exported="false" >
110-->[androidx.work:work-runtime:2.4.0] AndroidManifest.xml:80:13-37
111            <intent-filter>
111-->[androidx.work:work-runtime:2.4.0] AndroidManifest.xml:82:13-85:29
112                <action android:name="android.intent.action.BATTERY_OKAY" />
112-->[androidx.work:work-runtime:2.4.0] AndroidManifest.xml:83:17-77
112-->[androidx.work:work-runtime:2.4.0] AndroidManifest.xml:83:25-74
113                <action android:name="android.intent.action.BATTERY_LOW" />
113-->[androidx.work:work-runtime:2.4.0] AndroidManifest.xml:84:17-76
113-->[androidx.work:work-runtime:2.4.0] AndroidManifest.xml:84:25-73
114            </intent-filter>
115        </receiver>
116        <receiver
116-->[androidx.work:work-runtime:2.4.0] AndroidManifest.xml:87:9-97:20
117            android:name="androidx.work.impl.background.systemalarm.ConstraintProxy$StorageNotLowProxy"
117-->[androidx.work:work-runtime:2.4.0] AndroidManifest.xml:88:13-104
118            android:directBootAware="false"
118-->[androidx.work:work-runtime:2.4.0] AndroidManifest.xml:89:13-44
119            android:enabled="false"
119-->[androidx.work:work-runtime:2.4.0] AndroidManifest.xml:90:13-36
120            android:exported="false" >
120-->[androidx.work:work-runtime:2.4.0] AndroidManifest.xml:91:13-37
121            <intent-filter>
121-->[androidx.work:work-runtime:2.4.0] AndroidManifest.xml:93:13-96:29
122                <action android:name="android.intent.action.DEVICE_STORAGE_LOW" />
122-->[androidx.work:work-runtime:2.4.0] AndroidManifest.xml:94:17-83
122-->[androidx.work:work-runtime:2.4.0] AndroidManifest.xml:94:25-80
123                <action android:name="android.intent.action.DEVICE_STORAGE_OK" />
123-->[androidx.work:work-runtime:2.4.0] AndroidManifest.xml:95:17-82
123-->[androidx.work:work-runtime:2.4.0] AndroidManifest.xml:95:25-79
124            </intent-filter>
125        </receiver>
126        <receiver
126-->[androidx.work:work-runtime:2.4.0] AndroidManifest.xml:98:9-107:20
127            android:name="androidx.work.impl.background.systemalarm.ConstraintProxy$NetworkStateProxy"
127-->[androidx.work:work-runtime:2.4.0] AndroidManifest.xml:99:13-103
128            android:directBootAware="false"
128-->[androidx.work:work-runtime:2.4.0] AndroidManifest.xml:100:13-44
129            android:enabled="false"
129-->[androidx.work:work-runtime:2.4.0] AndroidManifest.xml:101:13-36
130            android:exported="false" >
130-->[androidx.work:work-runtime:2.4.0] AndroidManifest.xml:102:13-37
131            <intent-filter>
131-->[androidx.work:work-runtime:2.4.0] AndroidManifest.xml:104:13-106:29
132                <action android:name="android.net.conn.CONNECTIVITY_CHANGE" />
132-->[androidx.work:work-runtime:2.4.0] AndroidManifest.xml:105:17-79
132-->[androidx.work:work-runtime:2.4.0] AndroidManifest.xml:105:25-76
133            </intent-filter>
134        </receiver>
135        <receiver
135-->[androidx.work:work-runtime:2.4.0] AndroidManifest.xml:108:9-119:20
136            android:name="androidx.work.impl.background.systemalarm.RescheduleReceiver"
136-->[androidx.work:work-runtime:2.4.0] AndroidManifest.xml:109:13-88
137            android:directBootAware="false"
137-->[androidx.work:work-runtime:2.4.0] AndroidManifest.xml:110:13-44
138            android:enabled="false"
138-->[androidx.work:work-runtime:2.4.0] AndroidManifest.xml:111:13-36
139            android:exported="false" >
139-->[androidx.work:work-runtime:2.4.0] AndroidManifest.xml:112:13-37
140            <intent-filter>
140-->[androidx.work:work-runtime:2.4.0] AndroidManifest.xml:114:13-118:29
141                <action android:name="android.intent.action.BOOT_COMPLETED" />
141-->[androidx.work:work-runtime:2.4.0] AndroidManifest.xml:115:17-79
141-->[androidx.work:work-runtime:2.4.0] AndroidManifest.xml:115:25-76
142                <action android:name="android.intent.action.TIME_SET" />
142-->[androidx.work:work-runtime:2.4.0] AndroidManifest.xml:116:17-73
142-->[androidx.work:work-runtime:2.4.0] AndroidManifest.xml:116:25-70
143                <action android:name="android.intent.action.TIMEZONE_CHANGED" />
143-->[androidx.work:work-runtime:2.4.0] AndroidManifest.xml:117:17-81
143-->[androidx.work:work-runtime:2.4.0] AndroidManifest.xml:117:25-78
144            </intent-filter>
145        </receiver>
146        <receiver
146-->[androidx.work:work-runtime:2.4.0] AndroidManifest.xml:120:9-129:20
147            android:name="androidx.work.impl.background.systemalarm.ConstraintProxyUpdateReceiver"
147-->[androidx.work:work-runtime:2.4.0] AndroidManifest.xml:121:13-99
148            android:directBootAware="false"
148-->[androidx.work:work-runtime:2.4.0] AndroidManifest.xml:122:13-44
149            android:enabled="@bool/enable_system_alarm_service_default"
149-->[androidx.work:work-runtime:2.4.0] AndroidManifest.xml:123:13-72
150            android:exported="false" >
150-->[androidx.work:work-runtime:2.4.0] AndroidManifest.xml:124:13-37
151            <intent-filter>
151-->[androidx.work:work-runtime:2.4.0] AndroidManifest.xml:126:13-128:29
152                <action android:name="androidx.work.impl.background.systemalarm.UpdateProxies" />
152-->[androidx.work:work-runtime:2.4.0] AndroidManifest.xml:127:17-98
152-->[androidx.work:work-runtime:2.4.0] AndroidManifest.xml:127:25-95
153            </intent-filter>
154        </receiver>
155        <receiver
155-->[androidx.work:work-runtime:2.4.0] AndroidManifest.xml:130:9-140:20
156            android:name="androidx.work.impl.diagnostics.DiagnosticsReceiver"
156-->[androidx.work:work-runtime:2.4.0] AndroidManifest.xml:131:13-78
157            android:directBootAware="false"
157-->[androidx.work:work-runtime:2.4.0] AndroidManifest.xml:132:13-44
158            android:enabled="true"
158-->[androidx.work:work-runtime:2.4.0] AndroidManifest.xml:133:13-35
159            android:exported="true"
159-->[androidx.work:work-runtime:2.4.0] AndroidManifest.xml:134:13-36
160            android:permission="android.permission.DUMP" >
160-->[androidx.work:work-runtime:2.4.0] AndroidManifest.xml:135:13-57
161            <intent-filter>
161-->[androidx.work:work-runtime:2.4.0] AndroidManifest.xml:137:13-139:29
162                <action android:name="androidx.work.diagnostics.REQUEST_DIAGNOSTICS" />
162-->[androidx.work:work-runtime:2.4.0] AndroidManifest.xml:138:17-88
162-->[androidx.work:work-runtime:2.4.0] AndroidManifest.xml:138:25-85
163            </intent-filter>
164        </receiver>
165
166        <service
166-->[androidx.room:room-runtime:2.2.5] AndroidManifest.xml:25:9-28:40
167            android:name="androidx.room.MultiInstanceInvalidationService"
167-->[androidx.room:room-runtime:2.2.5] AndroidManifest.xml:26:13-74
168            android:directBootAware="true"
168-->[androidx.room:room-runtime:2.2.5] AndroidManifest.xml:27:13-43
169            android:exported="false" />
169-->[androidx.room:room-runtime:2.2.5] AndroidManifest.xml:28:13-37
170    </application>
171
172</manifest>